
> vibe-generated-app@1.0.0 dev
> vite


  VITE v5.4.20  ready in 374 ms

  ➜  Local:   http://localhost:3000/
  ➜  Network: http://172.20.0.187:3000/
7:50:03 AM [vite] Pre-transform error: Failed to resolve import "react-chartjs-2" from "src/components/PolynomialSandbox.jsx". Does the file exist?
7:50:06 AM [vite] Internal server error: Failed to resolve import "react-chartjs-2" from "src/components/PolynomialSandbox.jsx". Does the file exist?
  Plugin: vite:import-analysis
  File: /home/workspace/src/components/PolynomialSandbox.jsx:3:21
  2  |  import { useMemo, useState } from "react";
  3  |  import { Slider } from "@radix-ui/react-slider";
  4  |  import { Line } from "react-chartjs-2";
     |                        ^
  5  |  import {
  6  |    Chart as ChartJS,
      at TransformPluginContext._formatError (file:///home/workspace/node_modules/vite/dist/node/chunks/dep-D_zLpgQd.js:49258:41)
      at TransformPluginContext.error (file:///home/workspace/node_modules/vite/dist/node/chunks/dep-D_zLpgQd.js:49253:16)
      at normalizeUrl (file:///home/workspace/node_modules/vite/dist/node/chunks/dep-D_zLpgQd.js:64306:23)
      at process.processTicksAndRejections (node:internal/process/task_queues:105:5)
      at async file:///home/workspace/node_modules/vite/dist/node/chunks/dep-D_zLpgQd.js:64438:39
      at async Promise.all (index 3)
      at async TransformPluginContext.transform (file:///home/workspace/node_modules/vite/dist/node/chunks/dep-D_zLpgQd.js:64365:7)
      at async PluginContainer.transform (file:///home/workspace/node_modules/vite/dist/node/chunks/dep-D_zLpgQd.js:49099:18)
      at async loadAndTransform (file:///home/workspace/node_modules/vite/dist/node/chunks/dep-D_zLpgQd.js:51977:27)
      at async viteTransformMiddleware (file:///home/workspace/node_modules/vite/dist/node/chunks/dep-D_zLpgQd.js:62105:24)
